<?xml version="1.0" encoding="UTF-8"?>
<testng-results ignored="0" total="2" passed="2" failed="0" skipped="0">
  <reporter-output>
    <line>
      <![CDATA[m1 is excetuded]]>
    </line>
    <line>
      <![CDATA[m2 is excetuded]]>
    </line>
  </reporter-output>
  <suite started-at="2023-06-03T17:42:07 IST" name="Default suite" finished-at="2023-06-03T17:42:07 IST" duration-ms="41">
    <groups>
    </groups>
    <test started-at="2023-06-03T17:42:07 IST" name="Default test" finished-at="2023-06-03T17:42:07 IST" duration-ms="41">
      <class name="dummy.Testcase1">
        <test-method signature="m1()[pri:0, instance:dummy.Testcase1@5d7148e2]" started-at="2023-06-03T17:42:07 IST" name="m1" finished-at="2023-06-03T17:42:07 IST" duration-ms="9" status="PASS">
          <reporter-output>
            <line>
              <![CDATA[m1 is excetuded]]>
            </line>
          </reporter-output>
        </test-method> <!-- m1 -->
      </class> <!-- dummy.Testcase1 -->
      <class name="dummy.Testcase2">
        <test-method signature="m2()[pri:0, instance:dummy.Testcase2@2805d709]" started-at="2023-06-03T17:42:07 IST" name="m2" finished-at="2023-06-03T17:42:07 IST" duration-ms="1" status="PASS">
          <reporter-output>
            <line>
              <![CDATA[m2 is excetuded]]>
            </line>
          </reporter-output>
        </test-method> <!-- m2 -->
      </class> <!-- dummy.Testcase2 -->
    </test> <!-- Default test -->
  </suite> <!-- Default suite -->
</testng-results>
